<?xml version="1.0" encoding="UTF-8"?>
<!-- Generated by org.testng.reporters.JUnitReportReporter -->
<testsuite hostname="DESKTOP-7K9Q001" failures="0" tests="1" name="pack.TestJenkins" time="0.014" errors="0" timestamp="11 Nov 2019 09:19:31 GMT" skipped="0">
  <testcase classname="pack.TestJenkins" name="justchecking" time="0.014"/>
</testsuite> <!-- pack.TestJenkins -->
